#
# There is insufficient memory for the Java Runtime Environment to continue.
# Native memory allocation (malloc) failed to allocate 1048576 bytes for AllocateHeap
# Possible reasons:
#   The system is out of physical RAM or swap space
#   The process is running with CompressedOops enabled, and the Java Heap may be blocking the growth of the native heap
# Possible solutions:
#   Reduce memory load on the system
#   Increase physical memory or swap space
#   Check if swap backing store is full
#   Decrease Java heap size (-Xmx/-Xms)
#   Decrease number of Java threads
#   Decrease Java thread stack sizes (-Xss)
#   Set larger code cache with -XX:ReservedCodeCacheSize=
#   JVM is running with Zero Based Compressed Oops mode in which the Java heap is
#     placed in the first 32GB address space. The Java Heap base address is the
#     maximum limit for the native heap growth. Please use -XX:HeapBaseMinAddress
#     to set the Java Heap base and to place the Java Heap above 32GB virtual address.
# This output file may be truncated or incomplete.
#
#  Out of Memory Error (allocation.cpp:44), pid=38956, tid=40312
#
# JRE version:  (17.0.8.1+1) (build )
# Java VM: OpenJDK 64-Bit Server VM (17.0.8.1+1, mixed mode, sharing, tiered, compressed oops, compressed class ptrs, g1 gc, windows-amd64)
# No core dump will be written. Minidumps are not enabled by default on client versions of Windows
#

---------------  S U M M A R Y ------------

Command Line: --module-path=D:\Java sdk\javafx-sdk-21\lib --add-modules=javafx.controls,javafx.fxml -Dfile.encoding=UTF-8 -Dstdout.encoding=UTF-8 -Dstderr.encoding=UTF-8 --module-path=D:\Eclipse\eclipse\plugins\org.eclipse.fx.ide.css.jfx8_3.8.0.202204150904.jar;D:\Java sdk\javafx-sdk-21\lib\javafx.base.jar;D:\Java sdk\javafx-sdk-21\lib\javafx.controls.jar;D:\Java sdk\javafx-sdk-21\lib\javafx.fxml.jar;D:\Java sdk\javafx-sdk-21\lib\javafx.graphics.jar;D:\Java sdk\javafx-sdk-21\lib\javafx.media.jar;D:\Java sdk\javafx-sdk-21\lib\javafx.swing.jar;D:\Java sdk\javafx-sdk-21\lib\javafx.web.jar;D:\Java sdk\javafx-sdk-21\lib\javafx-swt.jar -XX:+ShowCodeDetailsInExceptionMessages cu.edu.cujae.visuals.Main

Host: 13th Gen Intel(R) Core(TM) i7-1355U, 12 cores, 15G,  Windows 11 , 64 bit Build 22621 (10.0.22621.2506)
Time: Wed Dec 27 14:48:12 2023 Cuba Standard Time elapsed time: 0.007319 seconds (0d 0h 0m 0s)

---------------  T H R E A D  ---------------

Current thread (0x000002376df87b00):  JavaThread "Unknown thread" [_thread_in_vm, id=40312, stack(0x000000d782100000,0x000000d782200000)]

Stack: [0x000000d782100000,0x000000d782200000]
Native frames: (J=compiled Java code, j=interpreted, Vv=VM code, C=native code)
V  [jvm.dll+0x678b0a]
V  [jvm.dll+0x835e84]
V  [jvm.dll+0x83762e]
V  [jvm.dll+0x837c93]
V  [jvm.dll+0x24746f]
V  [jvm.dll+0xa697b]
V  [jvm.dll+0x2e6c37]
V  [jvm.dll+0x2dea8b]
V  [jvm.dll+0x807f31]
V  [jvm.dll+0x36bb21]
V  [jvm.dll+0x7e733c]
V  [jvm.dll+0x3ee4af]
V  [jvm.dll+0x3f00c1]
C  [jli.dll+0x528b]
C  [ucrtbase.dll+0x29363]
C  [KERNEL32.DLL+0x1257d]
C  [ntdll.dll+0x5aa58]


---------------  P R O C E S S  ---------------

Threads class SMR info:
_java_thread_list=0x00007ffe7529a018, length=0, elements={
}

Java Threads: ( => current thread )

Other Threads:
  0x000002376dff2f40 GCTaskThread "GC Thread#0" [stack: 0x000000d782200000,0x000000d782300000] [id=38960]

[error occurred during error reporting (printing all threads), id 0xc0000005, EXCEPTION_ACCESS_VIOLATION (0xc0000005) at pc=0x00007ffe74a6bbc0]

VM state: not at safepoint (not fully initialized)

VM Mutex/Monitor currently owned by a thread:  ([mutex/lock_event])
[0x000002376df82b40] Heap_lock - owner thread: 0x000002376df87b00

Heap address: 0x0000000704e00000, size: 4018 MB, Compressed Oops mode: Zero based, Oop shift amount: 3

CDS archive(s) mapped at: [0x0000000000000000-0x0000000000000000-0x0000000000000000), size 0, SharedBaseAddress: 0x0000000800000000, ArchiveRelocationMode: 1.
Narrow klass base: 0x0000000000000000, Narrow klass shift: 0, Narrow klass range: 0x0

GC Precious Log:
<Empty>

Heap:
 garbage-first heap   total 0K, used 0K [0x0000000704e00000, 0x0000000800000000)
  region size 2048K, 0 young (0K), 0 survivors (0K)

[error occurred during error reporting (printing heap information), id 0xc0000005, EXCEPTION_ACCESS_VIOLATION (0xc0000005) at pc=0x00007ffe74e52699]

GC Heap History (0 events):
No events

Dll operation events (1 events):
Event: 0.004 Loaded shared library D:\Eclipse\eclipse\plugins\org.eclipse.justj.openjdk.hotspot.jre.full.win32.x86_64_17.0.8.v20230831-1047\jre\bin\java.dll

Deoptimization events (0 events):
No events

Classes unloaded (0 events):
No events

Classes redefined (0 events):
No events

Internal exceptions (0 events):
No events

VM Operations (0 events):
No events

Events (0 events):
No events


Dynamic libraries:
0x00007ff6643f0000 - 0x00007ff6643fe000 	D:\Eclipse\eclipse\plugins\org.eclipse.justj.openjdk.hotspot.jre.full.win32.x86_64_17.0.8.v20230831-1047\jre\bin\javaw.exe
0x00007fff046b0000 - 0x00007fff048c7000 	C:\Windows\SYSTEM32\ntdll.dll
0x00007fff024b0000 - 0x00007fff02574000 	C:\Windows\System32\KERNEL32.DLL
0x00007fff01e30000 - 0x00007fff021d6000 	C:\Windows\System32\KERNELBASE.dll
0x00007fff01bb0000 - 0x00007fff01cc1000 	C:\Windows\System32\ucrtbase.dll
0x00007ffef9180000 - 0x00007ffef9197000 	D:\Eclipse\eclipse\plugins\org.eclipse.justj.openjdk.hotspot.jre.full.win32.x86_64_17.0.8.v20230831-1047\jre\bin\jli.dll
0x00007ffeec300000 - 0x00007ffeec319000 	D:\Eclipse\eclipse\plugins\org.eclipse.justj.openjdk.hotspot.jre.full.win32.x86_64_17.0.8.v20230831-1047\jre\bin\VCRUNTIME140.dll
0x00007fff03400000 - 0x00007fff035ae000 	C:\Windows\System32\USER32.dll
0x00007ffedb680000 - 0x00007ffedb913000 	C:\Windows\WinSxS\amd64_microsoft.windows.common-controls_6595b64144ccf1df_6.0.22621.2506_none_270c5ae97388e100\COMCTL32.dll
0x00007fff021e0000 - 0x00007fff02206000 	C:\Windows\System32\win32u.dll
0x00007fff04440000 - 0x00007fff044e7000 	C:\Windows\System32\msvcrt.dll
0x00007fff02bc0000 - 0x00007fff02be9000 	C:\Windows\System32\GDI32.dll
0x00007fff01a20000 - 0x00007fff01b38000 	C:\Windows\System32\gdi32full.dll
0x00007fff01cd0000 - 0x00007fff01d6a000 	C:\Windows\System32\msvcp_win.dll
0x00007fff03290000 - 0x00007fff032c1000 	C:\Windows\System32\IMM32.DLL
0x00007ffefc3b0000 - 0x00007ffefc3bc000 	D:\Eclipse\eclipse\plugins\org.eclipse.justj.openjdk.hotspot.jre.full.win32.x86_64_17.0.8.v20230831-1047\jre\bin\vcruntime140_1.dll
0x00007ffeb1b10000 - 0x00007ffeb1ba1000 	D:\Eclipse\eclipse\plugins\org.eclipse.justj.openjdk.hotspot.jre.full.win32.x86_64_17.0.8.v20230831-1047\jre\bin\msvcp140.dll
0x00007ffe74780000 - 0x00007ffe753cc000 	D:\Eclipse\eclipse\plugins\org.eclipse.justj.openjdk.hotspot.jre.full.win32.x86_64_17.0.8.v20230831-1047\jre\bin\server\jvm.dll
0x00007fff02cc0000 - 0x00007fff02d71000 	C:\Windows\System32\ADVAPI32.dll
0x00007fff02400000 - 0x00007fff024a5000 	C:\Windows\System32\sechost.dll
0x00007fff032e0000 - 0x00007fff033f7000 	C:\Windows\System32\RPCRT4.dll
0x00007fff018f0000 - 0x00007fff0193d000 	C:\Windows\SYSTEM32\POWRPROF.dll
0x00007ffef8da0000 - 0x00007ffef8dd4000 	C:\Windows\SYSTEM32\WINMM.dll
0x00007ffef1090000 - 0x00007ffef1099000 	C:\Windows\SYSTEM32\WSOCK32.dll
0x00007ffef5fa0000 - 0x00007ffef5faa000 	C:\Windows\SYSTEM32\VERSION.dll
0x00007fff02910000 - 0x00007fff02981000 	C:\Windows\System32\WS2_32.dll
0x00007fff01720000 - 0x00007fff01733000 	C:\Windows\SYSTEM32\UMPDC.dll
0x00007fff009f0000 - 0x00007fff00a08000 	C:\Windows\SYSTEM32\kernel.appcore.dll
0x00007ffeef470000 - 0x00007ffeef47a000 	D:\Eclipse\eclipse\plugins\org.eclipse.justj.openjdk.hotspot.jre.full.win32.x86_64_17.0.8.v20230831-1047\jre\bin\jimage.dll
0x00007ffeff040000 - 0x00007ffeff273000 	C:\Windows\SYSTEM32\DBGHELP.DLL
0x00007fff03ef0000 - 0x00007fff04279000 	C:\Windows\System32\combase.dll
0x00007fff035b0000 - 0x00007fff03687000 	C:\Windows\System32\OLEAUT32.dll
0x00007ffef61e0000 - 0x00007ffef6212000 	C:\Windows\SYSTEM32\dbgcore.DLL
0x00007fff02210000 - 0x00007fff0228a000 	C:\Windows\System32\bcryptPrimitives.dll
0x00007ffeec190000 - 0x00007ffeec1b5000 	D:\Eclipse\eclipse\plugins\org.eclipse.justj.openjdk.hotspot.jre.full.win32.x86_64_17.0.8.v20230831-1047\jre\bin\java.dll

dbghelp: loaded successfully - version: 4.0.5 - missing functions: none
symbol engine: initialized successfully - sym options: 0x614 - pdb path: .;D:\Eclipse\eclipse\plugins\org.eclipse.justj.openjdk.hotspot.jre.full.win32.x86_64_17.0.8.v20230831-1047\jre\bin;C:\Windows\SYSTEM32;C:\Windows\WinSxS\amd64_microsoft.windows.common-controls_6595b64144ccf1df_6.0.22621.2506_none_270c5ae97388e100;D:\Eclipse\eclipse\plugins\org.eclipse.justj.openjdk.hotspot.jre.full.win32.x86_64_17.0.8.v20230831-1047\jre\bin\server

VM Arguments:
jvm_args: --module-path=D:\Java sdk\javafx-sdk-21\lib --add-modules=javafx.controls,javafx.fxml -Dfile.encoding=UTF-8 -Dstdout.encoding=UTF-8 -Dstderr.encoding=UTF-8 --module-path=D:\Eclipse\eclipse\plugins\org.eclipse.fx.ide.css.jfx8_3.8.0.202204150904.jar;D:\Java sdk\javafx-sdk-21\lib\javafx.base.jar;D:\Java sdk\javafx-sdk-21\lib\javafx.controls.jar;D:\Java sdk\javafx-sdk-21\lib\javafx.fxml.jar;D:\Java sdk\javafx-sdk-21\lib\javafx.graphics.jar;D:\Java sdk\javafx-sdk-21\lib\javafx.media.jar;D:\Java sdk\javafx-sdk-21\lib\javafx.swing.jar;D:\Java sdk\javafx-sdk-21\lib\javafx.web.jar;D:\Java sdk\javafx-sdk-21\lib\javafx-swt.jar -XX:+ShowCodeDetailsInExceptionMessages 
java_command: cu.edu.cujae.visuals.Main
java_class_path (initial): D:\Universidad\2do semestre\Base de datos\Curso CUJAE 2023-2024\Trabajo\Final Project Repository\bin
Launcher Type: SUN_STANDARD

[Global flags]
     intx CICompilerCount                          = 4                                         {product} {ergonomic}
     uint ConcGCThreads                            = 3                                         {product} {ergonomic}
     uint G1ConcRefinementThreads                  = 10                                        {product} {ergonomic}
   size_t G1HeapRegionSize                         = 2097152                                   {product} {ergonomic}
    uintx GCDrainStackTargetSize                   = 64                                        {product} {ergonomic}
   size_t InitialHeapSize                          = 264241152                                 {product} {ergonomic}
   size_t MarkStackSize                            = 4194304                                   {product} {ergonomic}
   size_t MaxHeapSize                              = 4213178368                                {product} {ergonomic}
   size_t MinHeapDeltaBytes                        = 2097152                                   {product} {ergonomic}
   size_t MinHeapSize                              = 8388608                                   {product} {ergonomic}
    uintx NonNMethodCodeHeapSize                   = 5839372                                {pd product} {ergonomic}
    uintx NonProfiledCodeHeapSize                  = 122909434                              {pd product} {ergonomic}
    uintx ProfiledCodeHeapSize                     = 122909434                              {pd product} {ergonomic}
    uintx ReservedCodeCacheSize                    = 251658240                              {pd product} {ergonomic}
     bool SegmentedCodeCache                       = true                                      {product} {ergonomic}
     bool ShowCodeDetailsInExceptionMessages       = true                                   {manageable} {command line}
   size_t SoftMaxHeapSize                          = 4213178368                             {manageable} {ergonomic}
     bool UseCompressedClassPointers               = true                           {product lp64_product} {ergonomic}
     bool UseCompressedOops                        = true                           {product lp64_product} {ergonomic}
     bool UseG1GC                                  = true                                      {product} {ergonomic}
     bool UseLargePagesIndividualAllocation        = false                                  {pd product} {ergonomic}

Logging:
Log output configuration:
 #0: stdout all=warning uptime,level,tags
 #1: stderr all=off uptime,level,tags

Environment Variables:
PATH=D:/Eclipse/eclipse//plugins/org.eclipse.justj.openjdk.hotspot.jre.full.win32.x86_64_17.0.9.v20231028-0858/jre/bin/server;D:/Eclipse/eclipse//plugins/org.eclipse.justj.openjdk.hotspot.jre.full.win32.x86_64_17.0.9.v20231028-0858/jre/bin;C:\Program Files\Eclipse Adoptium\jdk-17.0.8.101-hotspot\bin;C:\Windows\system32;C:\Windows;C:\Windows\System32\Wbem;C:\Windows\System32\WindowsPowerShell\v1.0\;C:\Windows\System32\OpenSSH\;D:\Git\Git\cmd;D:\MSYS2\ucrt64\bin;;D:\Base\resources\bin;D:\Python installer\Scripts\;D:\Python installer\;C:\Users\aldoe\AppData\Local\Microsoft\WindowsApps;D:\Visual Studio Code\Microsoft VS Code\bin;C:\Users\aldoe\AppData\Local\GitHubDesktop\bin;D:\Eclipse\eclipse;
USERNAME=aldoe
OS=Windows_NT
PROCESSOR_IDENTIFIER=Intel64 Family 6 Model 186 Stepping 3, GenuineIntel
TMP=C:\Users\aldoe\AppData\Local\Temp
TEMP=C:\Users\aldoe\AppData\Local\Temp



---------------  S Y S T E M  ---------------

OS:
 Windows 11 , 64 bit Build 22621 (10.0.22621.2506)
OS uptime: 5 days 7:17 hours
Hyper-V role detected

CPU: total 12 (initial active 12) (6 cores per cpu, 2 threads per core) family 6 model 186 stepping 3 microcode 0x410e, cx8, cmov, fxsr, ht, mmx, 3dnowpref, sse, sse2, sse3, ssse3, sse4.1, sse4.2, popcnt, lzcnt, tsc, tscinvbit, avx, avx2, aes, erms, clmul, bmi1, bmi2, adx, sha, fma, vzeroupper, clflush, clflushopt, clwb, hv
Processor Information for processor 0
  Max Mhz: 1700, Current Mhz: 1700, Mhz Limit: 1700
Processor Information for processor 1
  Max Mhz: 1700, Current Mhz: 1700, Mhz Limit: 1700
Processor Information for processor 2
  Max Mhz: 1700, Current Mhz: 1700, Mhz Limit: 1700
Processor Information for processor 3
  Max Mhz: 1700, Current Mhz: 1700, Mhz Limit: 1700
Processor Information for processor 4
  Max Mhz: 1700, Current Mhz: 1200, Mhz Limit: 1190
Processor Information for processor 5
  Max Mhz: 1700, Current Mhz: 1200, Mhz Limit: 1190
Processor Information for processor 6
  Max Mhz: 1700, Current Mhz: 1200, Mhz Limit: 1190
Processor Information for processor 7
  Max Mhz: 1700, Current Mhz: 1200, Mhz Limit: 1190
Processor Information for processor 8
  Max Mhz: 1700, Current Mhz: 1200, Mhz Limit: 1190
Processor Information for processor 9
  Max Mhz: 1700, Current Mhz: 1200, Mhz Limit: 1190
Processor Information for processor 10
  Max Mhz: 1700, Current Mhz: 1200, Mhz Limit: 1190
Processor Information for processor 11
  Max Mhz: 1700, Current Mhz: 1200, Mhz Limit: 1190

Memory: 4k page, system-wide physical 16071M (1778M free)
TotalPageFile size 28957M (AvailPageFile size 5M)
current process WorkingSet (physical memory assigned to process): 11M, peak: 11M
current process commit charge ("private bytes"): 61M, peak: 62M

vm_info: OpenJDK 64-Bit Server VM (17.0.8.1+1) for windows-amd64 JRE (17.0.8.1+1), built on Aug 23 2023 15:29:17 by "admin" with MS VC++ 16.7 (VS2019)

END.
